\BOOKMARK [1][-]{section.1}{Introduction}{}% 1
\BOOKMARK [2][-]{subsection.1.1}{Neural Architecture Search Background}{section.1}% 2
\BOOKMARK [2][-]{subsection.1.2}{Related Work}{section.1}% 3
\BOOKMARK [1][-]{section.2}{Approach}{}% 4
\BOOKMARK [1][-]{section.3}{Experiments}{}% 5
\BOOKMARK [2][-]{subsection.3.1}{Stochastic Search Experiments}{section.3}% 6
\BOOKMARK [3][-]{subsubsection.3.1.1}{Experiment Details}{subsection.3.1}% 7
\BOOKMARK [3][-]{subsubsection.3.1.2}{Analysis}{subsection.3.1}% 8
\BOOKMARK [2][-]{subsection.3.2}{Evolutionary Search Experiments}{section.3}% 9
\BOOKMARK [3][-]{subsubsection.3.2.1}{Experiment Details}{subsection.3.2}% 10
\BOOKMARK [3][-]{subsubsection.3.2.2}{Analysis}{subsection.3.2}% 11
\BOOKMARK [2][-]{subsection.3.3}{Ablation Study: The Impact of Windows without Early Stopping}{section.3}% 12
\BOOKMARK [3][-]{subsubsection.3.3.1}{Analysis}{subsection.3.3}% 13
\BOOKMARK [1][-]{section.4}{Discussion and Future Work}{}% 14
\BOOKMARK [1][-]{appendix.A}{Appendix}{}% 15
\BOOKMARK [2][-]{subsection.A.1}{Stochastic Search Results}{appendix.A}% 16
\BOOKMARK [3][-]{subsubsection.A.1.1}{NASNet Simulations}{subsection.A.1}% 17
\BOOKMARK [3][-]{subsubsection.A.1.2}{NASBench201 Simulations}{subsection.A.1}% 18
\BOOKMARK [3][-]{subsubsection.A.1.3}{Stochastic Simulation Points of Convergence}{subsection.A.1}% 19
\BOOKMARK [2][-]{subsection.A.2}{Aging Tournament Search}{appendix.A}% 20
\BOOKMARK [3][-]{subsubsection.A.2.1}{Aging Tournament Ablation Study}{subsection.A.2}% 21
\BOOKMARK [2][-]{subsection.A.3}{NASNet Population Details}{appendix.A}% 22
